This is pdfTeX, Version 3.141592653-2.6-1.40.25 (TeX Live 2023) (preloaded format=pdflatex 2024.1.4)  8 FEB 2024 12:55
entering extended mode
 restricted \write18 enabled.
 file:line:error style messages enabled.
 %&-line parsing enabled.
**/Users/vojtechcc/Documents/dev/personal/excessus/src/app/data/files/exodus90.tex
(/Users/vojtechcc/Documents/dev/personal/excessus/src/app/data/files/exodus90.tex
LaTeX2e <2022-11-01> patch level 1
L3 programming layer <2023-02-22> (/usr/local/texlive/2023/texmf-dist/tex/latex/base/article.cls
Document Class: article 2022/07/02 v1.4n Standard LaTeX document class
(/usr/local/texlive/2023/texmf-dist/tex/latex/base/size11.clo
File: size11.clo 2022/07/02 v1.4n Standard LaTeX file (size option)
)
\c@part=\count185
\c@section=\count186
\c@subsection=\count187
\c@subsubsection=\count188
\c@paragraph=\count189
\c@subparagraph=\count190
\c@figure=\count191
\c@table=\count192
\abovecaptionskip=\skip48
\belowcaptionskip=\skip49
\bibindent=\dimen140
) (/usr/local/texlive/2023/texmf-dist/tex/latex/geometry/geometry.sty
Package: geometry 2020/01/02 v5.9 Page Geometry
 (/usr/local/texlive/2023/texmf-dist/tex/latex/graphics/keyval.sty
Package: keyval 2022/05/29 v1.15 key=value parser (DPC)
\KV@toks@=\toks16
) (/usr/local/texlive/2023/texmf-dist/tex/generic/iftex/ifvtex.sty
Package: ifvtex 2019/10/25 v1.7 ifvtex legacy package. Use iftex instead.
 (/usr/local/texlive/2023/texmf-dist/tex/generic/iftex/iftex.sty
Package: iftex 2022/02/03 v1.0f TeX engine tests
))
\Gm@cnth=\count193
\Gm@cntv=\count194
\c@Gm@tempcnt=\count195
\Gm@bindingoffset=\dimen141
\Gm@wd@mp=\dimen142
\Gm@odd@mp=\dimen143
\Gm@even@mp=\dimen144
\Gm@layoutwidth=\dimen145
\Gm@layoutheight=\dimen146
\Gm@layouthoffset=\dimen147
\Gm@layoutvoffset=\dimen148
\Gm@dimlist=\toks17
) (/usr/local/texlive/2023/texmf-dist/tex/generic/babel/babel.sty
Package: babel 2023/02/13 3.86 The Babel package
\babel@savecnt=\count196
\U@D=\dimen149
\l@unhyphenated=\language87
 (/usr/local/texlive/2023/texmf-dist/tex/generic/babel/txtbabel.def)
\bbl@readstream=\read2
\bbl@dirlevel=\count197
 (/usr/local/texlive/2023/texmf-dist/tex/generic/babel-czech/czech.ldf
Language: czech 2008/07/06 v3.1a Czech support from the babel system
Package babel Info: Making " an active character on input line 172.
\cs@wordlen=\count198
Package babel Info: Making - an active character on input line 226.
)) (/usr/local/texlive/2023/texmf-dist/tex/generic/babel/locale/cs/babel-czech.tex
Package babel Info: Importing font and identification data for czech
(babel)             from babel-cs.ini. Reported on input line 11.
) (/usr/local/texlive/2023/texmf-dist/tex/latex/graphics/graphicx.sty
Package: graphicx 2021/09/16 v1.2d Enhanced LaTeX Graphics (DPC,SPQR)
 (/usr/local/texlive/2023/texmf-dist/tex/latex/graphics/graphics.sty
Package: graphics 2022/03/10 v1.4e Standard LaTeX Graphics (DPC,SPQR)
 (/usr/local/texlive/2023/texmf-dist/tex/latex/graphics/trig.sty
Package: trig 2021/08/11 v1.11 sin cos tan (DPC)
) (/usr/local/texlive/2023/texmf-dist/tex/latex/graphics-cfg/graphics.cfg
File: graphics.cfg 2016/06/04 v1.11 sample graphics configuration
)
Package graphics Info: Driver file: pdftex.def on input line 107.
 (/usr/local/texlive/2023/texmf-dist/tex/latex/graphics-def/pdftex.def
File: pdftex.def 2022/09/22 v1.2b Graphics/color driver for pdftex
))
\Gin@req@height=\dimen150
\Gin@req@width=\dimen151
) (/usr/local/texlive/2023/texmf-dist/tex/latex/amsfonts/amssymb.sty
Package: amssymb 2013/01/14 v3.01 AMS font symbols
 (/usr/local/texlive/2023/texmf-dist/tex/latex/amsfonts/amsfonts.sty
Package: amsfonts 2013/01/14 v3.01 Basic AMSFonts support
\@emptytoks=\toks18
\symAMSa=\mathgroup4
\symAMSb=\mathgroup5
LaTeX Font Info:    Redeclaring math symbol \hbar on input line 98.
LaTeX Font Info:    Overwriting math alphabet `\mathfrak' in version `bold'
(Font)                  U/euf/m/n --> U/euf/b/n on input line 106.
)) (/usr/local/texlive/2023/texmf-dist/tex/latex/enumitem/enumitem.sty
Package: enumitem 2019/06/20 v3.9 Customized lists
\labelindent=\skip50
\enit@outerparindent=\dimen152
\enit@toks=\toks19
\enit@inbox=\box51
\enit@count@id=\count199
\enitdp@description=\count266
) (/usr/local/texlive/2023/texmf-dist/tex/latex/titlesec/titlesec.sty
Package: titlesec 2021/07/05 v2.14 Sectioning titles
\ttl@box=\box52
\beforetitleunit=\skip51
\aftertitleunit=\skip52
\ttl@plus=\dimen153
\ttl@minus=\dimen154
\ttl@toksa=\toks20
\titlewidth=\dimen155
\titlewidthlast=\dimen156
\titlewidthfirst=\dimen157
) (/usr/local/texlive/2023/texmf-dist/tex/latex/l3backend/l3backend-pdftex.def
File: l3backend-pdftex.def 2023-01-16 L3 backend support: PDF output (pdfTeX)
\l__color_backend_stack_int=\count267
\l__pdf_internal_box=\box53
) (./exodus90.aux)
\openout1 = `exodus90.aux'.

LaTeX Font Info:    Checking defaults for OML/cmm/m/it on input line 167.
LaTeX Font Info:    ... okay on input line 167.
LaTeX Font Info:    Checking defaults for OMS/cmsy/m/n on input line 167.
LaTeX Font Info:    ... okay on input line 167.
LaTeX Font Info:    Checking defaults for OT1/cmr/m/n on input line 167.
LaTeX Font Info:    ... okay on input line 167.
LaTeX Font Info:    Checking defaults for T1/cmr/m/n on input line 167.
LaTeX Font Info:    ... okay on input line 167.
LaTeX Font Info:    Checking defaults for TS1/cmr/m/n on input line 167.
LaTeX Font Info:    ... okay on input line 167.
LaTeX Font Info:    Checking defaults for OMX/cmex/m/n on input line 167.
LaTeX Font Info:    ... okay on input line 167.
LaTeX Font Info:    Checking defaults for U/cmr/m/n on input line 167.
LaTeX Font Info:    ... okay on input line 167.

*geometry* driver: auto-detecting
*geometry* detected driver: pdftex
*geometry* verbose mode - [ preamble ] result:
* driver: pdftex
* paper: <default>
* layout: <same size as paper>
* layoutoffset:(h,v)=(0.0pt,0.0pt)
* modes: 
* h-part:(L,W,R)=(92.14519pt, 430.00462pt, 92.14519pt)
* v-part:(T,H,B)=(85.35826pt, 624.25346pt, 85.35826pt)
* \paperwidth=614.295pt
* \paperheight=794.96999pt
* \textwidth=430.00462pt
* \textheight=624.25346pt
* \oddsidemargin=19.8752pt
* \evensidemargin=19.8752pt
* \topmargin=-23.91173pt
* \headheight=12.0pt
* \headsep=25.0pt
* \topskip=11.0pt
* \footskip=30.0pt
* \marginparwidth=59.0pt
* \marginparsep=10.0pt
* \columnsep=10.0pt
* \skip\footins=10.0pt plus 4.0pt minus 2.0pt
* \hoffset=0.0pt
* \voffset=0.0pt
* \mag=1000
* \@twocolumnfalse
* \@twosidefalse
* \@mparswitchfalse
* \@reversemarginfalse
* (1in=72.27pt=25.4mm, 1cm=28.453pt)

(/usr/local/texlive/2023/texmf-dist/tex/context/base/mkii/supp-pdf.mkii
[Loading MPS to PDF converter (version 2006.09.02).]
\scratchcounter=\count268
\scratchdimen=\dimen158
\scratchbox=\box54
\nofMPsegments=\count269
\nofMParguments=\count270
\everyMPshowfont=\toks21
\MPscratchCnt=\count271
\MPscratchDim=\dimen159
\MPnumerator=\count272
\makeMPintoPDFobject=\count273
\everyMPtoPDFconversion=\toks22
) (/usr/local/texlive/2023/texmf-dist/tex/latex/epstopdf-pkg/epstopdf-base.sty
Package: epstopdf-base 2020-01-24 v2.11 Base part for package epstopdf
Package epstopdf-base Info: Redefining graphics rule for `.eps' on input line 485.
 (/usr/local/texlive/2023/texmf-dist/tex/latex/latexconfig/epstopdf-sys.cfg
File: epstopdf-sys.cfg 2010/07/13 v1.3 Configuration of (r)epstopdf for TeX Live
))
LaTeX Font Info:    Trying to load font information for U+msa on input line 169.
 (/usr/local/texlive/2023/texmf-dist/tex/latex/amsfonts/umsa.fd
File: umsa.fd 2013/01/14 v3.01 AMS symbols A
)
LaTeX Font Info:    Trying to load font information for U+msb on input line 169.
 (/usr/local/texlive/2023/texmf-dist/tex/latex/amsfonts/umsb.fd
File: umsb.fd 2013/01/14 v3.01 AMS symbols B
) [1

{/usr/local/texlive/2023/texmf-var/fonts/map/pdftex/updmap/pdftex.map}] [2] [3] [4] [5]
Overfull \hbox (43.12967pt too wide) in paragraph at lines 246--246
|[]\OT1/cmr/bx/n/14.4 Den 2 - KA[]ZDODENN[]I []UKOLY MO-HOU MU[]ZE ZAT[]E[]ZOVAT
 []

[6] [7] [8] [9] [10] [11] [12] [13] [14] [15] [16] [17] [18] [19] [20] [21] [22] [23] [24] [25] [26]
Overfull \hbox (3.61598pt too wide) in paragraph at lines 634--638
\OT1/cmr/m/n/10.95 Faraon aro-gantn^^Te ig-no-ruje p^^Tr^^S^^Pkazy Nejvy^^Ts^^Ts^^S^^Pho Boha. Sa-moz^^Trejm^^Te m^^Sa sv^^Se d^^Wuvody. Je vl^^Sadcem
 []

[27] [28] [29] [30] [31] [32] [33] [34] [35] [36] [37]
Overfull \hbox (1.48268pt too wide) in paragraph at lines 881--886
[]\OT1/cmr/m/n/10.95 V P^^S^^Psmu Svat^^Sem []Aronova h^^Wul p^^Tredznamen^^Sav^^Sa k^^Tr^^S^^P^^Tz. Jedn^^S^^Pm z p^^Tr^^S^^Pklad^^Wu je pou^^Tzit^^S^^P []Aronovy
 []


Overfull \hbox (24.7859pt too wide) in paragraph at lines 881--886
\OT1/cmr/m/n/10.95 hole k rozd^^Telen^^S^^P Rud^^Seho mo^^Tre umo^^Tz^^Tnuj^^S^^Pc^^S^^P p^^Trechod Iz-ra-e-lit^^Wu ke svo-bod^^Te. Tento ^^Tcin p^^Tredznamen^^Sav^^Sa
 []

[38] [39] [40] [41] [42] [43] [44] [45]
Overfull \hbox (5.93585pt too wide) in paragraph at lines 1025--1038
[]$\OT1/cmr/m/it/10.95 A Hos-po-din tak u^^Tcinil. Dot^^Tern^^Se mou-chy vnikly do domu fara^^Sonova, do domu jeho slu^^Tzebn^^S^^Pk^^Wu
 []

[46] [47] [48] [49] [50] [51] [52] [53]
Overfull \hbox (0.78426pt too wide) in paragraph at lines 1228--1232
[]\OT1/cmr/m/n/10.95 Mo^^Tzn^^Sa pra-men^^S^^P z ne-u-tu-chaj^^S^^Pc^^S^^Pho vol^^San^^S^^P C^^S^^Prkve po obr^^Sacen^^S^^P. Kon-verze m^^Wu^^Tze b^^Syt vn^^S^^Pm^^Sana
 []

[54] [55]
Overfull \hbox (11.69467pt too wide) in paragraph at lines 1269--1272
\OT1/cmr/m/n/10.95 Lid^^Se se ^^Tcasto ptaj^^S^^P: []Pro^^Tc by toto sou^^Tzen^^S^^P B^^Wuh do-pus-til m^^Semu p^^Tr^^S^^Pteli nebo m^^Semu p^^Tr^^S^^Pbuzn^^Semu?\
 []

[56] [57] [58] [59] [60] [61] [62] [63] [64]
Overfull \hbox (10.48724pt too wide) in paragraph at lines 1455--1456
[]\OT1/cmr/m/n/10.95 Izraelit^^Se poc^^S^^Ptili pot^^Trebu slou^^Tzit Bohu. Ak^^Tcn^^Te re-a-go-vali za-bit^^S^^Pm egyptsk^^Seho boha (ber^^Sanka)
 []

[65] [66] [67] [68]
Overfull \hbox (4.50113pt too wide) in paragraph at lines 1570--1573
[]\OT1/cmr/m/n/10.95 Ted[] se v^^Teci sta-nou t^^Te^^Tz^^Ts^^S^^Pmi. Zl^^Sy, v^^S^^Pce rozzlo-ben^^Sy ne^^Tz fa-raon, v^^Sas bude pro-hnan^^Te n^^Sasledovat
 []

[69] [70] [71] [72] [73] [74] [75]
Overfull \hbox (2.68483pt too wide) in paragraph at lines 1709--1710
[][]\OT1/cmr/m/it/10.95 Cty^^Tricet postn^^S^^Pch dn^^S^^P v ka-te-chu-men^^Satu jsou ^^Tcasem soudu, ^^Tcase v^^Sa^^Tzn^^Seho kon-fliktu, zat^^S^^Pmco
 []

[76] [77] [78] [79] [80] [81] [82] [83] [84]
Overfull \hbox (13.31592pt too wide) in paragraph at lines 1901--1904
[]\OT1/cmr/m/n/10.95 P^^Tredstavte si sami sebe sed^^S^^Pc^^S^^P venku na lavi^^Tcce v nep^^Tr^^S^^Pjemn^^Se zim^^Te. Lavi^^Tcka je p^^Tri^^Tsroubov^^Sana
 []

[85] [86] [87] [88] [89] [90] [91] [92] [93] [94] [95] [96] [97]
Overfull \hbox (5.07597pt too wide) in paragraph at lines 2214--2217
\OT1/cmr/m/n/10.95 Moj^^Tz^^S^^P^^Ts se osv^^Ted^^Tcil a nyn^^S^^P se t^^Te^^Ts^^S^^P re-spektu a ^^Sucty sv^^Seho lidu. Lid^^Se ho vn^^S^^Pmaj^^S^^P jako prost^^Tredn^^S^^Pka,
 []


Overfull \hbox (5.16731pt too wide) in paragraph at lines 2218--2222
\OT1/cmr/m/n/10.95 nebo ^^Sutok na svou au-to-ritu. []Clov^^Tek, kter^^Sy toho to-lik dos^^Sahl, by ta-ko-vou radu mohl odm^^S^^Ptnout
 []

[98] [99]
Overfull \hbox (10.42647pt too wide) in paragraph at lines 2273--2276
[]\OT1/cmr/m/n/10.95 Katol^^S^^Pk, kter^^Sy tou^^Tz^^S^^P po sy-novsk^^Sem vztahu s Bo-hem Ot-cem, by m^^Tel p^^Tred P^^Sana p^^Tredstupovat
 []

[100] [101] [102] [103] [104] [105] [106] [107] [108] [109] [110] [111] [112] [113]
Overfull \hbox (6.99532pt too wide) in paragraph at lines 2582--2619
\OT1/cmr/m/it/10.95 jak^^Sekoli do-byt^^Tce a ono po-jde nebo utrp^^S^^P ^^Suraz nebo bude odehn^^Sano, ani^^Tz to kdo vid^^Tel, $[]$rozhodne
 []

[114] [115] [116]
Overfull \hbox (8.63467pt too wide) in paragraph at lines 2672--2675
\OT1/cmr/m/n/10.95 up^^Trednostnit Boha p^^Tred prac^^S^^P. B^^Wuh n^^Sas chce svo-bodn^^Se. Chce, abychom byli schopni odpo^^Tc^^S^^Pvat.
 []

[117] [118] [119] [120] [121] [122] [123] (./exodus90.aux) ) 
Here is how much of TeX's memory you used:
 4189 strings out of 476025
 66312 string characters out of 5790018
 1868388 words of memory out of 5000000
 24620 multiletter control sequences out of 15000+600000
 521047 words of font info for 64 fonts, out of 8000000 for 9000
 1141 hyphenation exceptions out of 8191
 57i,6n,62p,806b,226s stack positions out of 10000i,1000n,20000p,200000b,200000s
</usr/local/texlive/2023/texmf-dist/fonts/type1/public/amsfonts/cm/cmbx10.pfb></usr/local/texlive/2023/texmf-dist/fonts/type1/public/amsfonts/cm/cmbx12.pfb></usr/local/texlive/2023/texmf-dist/fonts/type1/public/amsfonts/cm/cmbxti10.pfb></usr/local/texlive/2023/texmf-dist/fonts/type1/public/amsfonts/cm/cmr10.pfb></usr/local/texlive/2023/texmf-dist/fonts/type1/public/amsfonts/cm/cmr12.pfb></usr/local/texlive/2023/texmf-dist/fonts/type1/public/amsfonts/cm/cmr8.pfb></usr/local/texlive/2023/texmf-dist/fonts/type1/public/amsfonts/cm/cmti10.pfb></usr/local/texlive/2023/texmf-dist/fonts/type1/public/amsfonts/cm/cmti8.pfb>
Output written on exodus90.pdf (123 pages, 436547 bytes).
PDF statistics:
 441 PDF objects out of 1000 (max. 8388607)
 297 compressed objects within 3 object streams
 0 named destinations out of 1000 (max. 500000)
 1 words of extra memory for PDF output out of 10000 (max. 10000000)

